<?xml version="1.0" encoding="UTF-8"?>
<testsuite xmlns:xsi="http://www.w3.org/2001/XMLSchema-instance" xsi:noNamespaceSchemaLocation="https://maven.apache.org/surefire/maven-surefire-plugin/xsd/surefire-test-report.xsd" name="TestSuite" time="34.881" tests="4" errors="0" skipped="0" failures="0">
  <properties>
    <property name="java.specification.version" value="19"/>
    <property name="sun.cpu.isalist" value="amd64"/>
    <property name="browser_type" value="firefox"/>
    <property name="sun.jnu.encoding" value="Cp1252"/>
    <property name="java.class.path" value="C:\Users\Katerina\Desktop\Herocuapp with Playwright\target\test-classes;C:\Users\Katerina\Desktop\Herocuapp with Playwright\target\classes;C:\Users\Katerina\.m2\repository\com\microsoft\playwright\playwright\1.46.0\playwright-1.46.0.jar;C:\Users\Katerina\.m2\repository\com\google\code\gson\gson\2.11.0\gson-2.11.0.jar;C:\Users\Katerina\.m2\repository\com\google\errorprone\error_prone_annotations\2.27.0\error_prone_annotations-2.27.0.jar;C:\Users\Katerina\.m2\repository\org\opentest4j\opentest4j\1.3.0\opentest4j-1.3.0.jar;C:\Users\Katerina\.m2\repository\com\microsoft\playwright\driver\1.46.0\driver-1.46.0.jar;C:\Users\Katerina\.m2\repository\com\microsoft\playwright\driver-bundle\1.46.0\driver-bundle-1.46.0.jar;C:\Users\Katerina\.m2\repository\org\testng\testng\7.4.0\testng-7.4.0.jar;C:\Users\Katerina\.m2\repository\com\beust\jcommander\1.78\jcommander-1.78.jar;C:\Users\Katerina\.m2\repository\org\webjars\jquery\3.5.1\jquery-3.5.1.jar;C:\Users\Katerina\.m2\repository\org\junit\jupiter\junit-jupiter\5.8.2\junit-jupiter-5.8.2.jar;C:\Users\Katerina\.m2\repository\org\junit\jupiter\junit-jupiter-api\5.8.2\junit-jupiter-api-5.8.2.jar;C:\Users\Katerina\.m2\repository\org\junit\platform\junit-platform-commons\1.8.2\junit-platform-commons-1.8.2.jar;C:\Users\Katerina\.m2\repository\org\apiguardian\apiguardian-api\1.1.2\apiguardian-api-1.1.2.jar;C:\Users\Katerina\.m2\repository\org\junit\jupiter\junit-jupiter-params\5.8.2\junit-jupiter-params-5.8.2.jar;C:\Users\Katerina\.m2\repository\org\junit\jupiter\junit-jupiter-engine\5.8.2\junit-jupiter-engine-5.8.2.jar;C:\Users\Katerina\.m2\repository\org\junit\platform\junit-platform-engine\1.8.2\junit-platform-engine-1.8.2.jar;"/>
    <property name="java.vm.vendor" value="Oracle Corporation"/>
    <property name="sun.arch.data.model" value="64"/>
    <property name="user.variant" value=""/>
    <property name="java.vendor.url" value="https://java.oracle.com/"/>
    <property name="user.timezone" value="Europe/Sofia"/>
    <property name="os.name" value="Windows 11"/>
    <property name="java.vm.specification.version" value="19"/>
    <property name="sun.java.launcher" value="SUN_STANDARD"/>
    <property name="user.country" value="US"/>
    <property name="sun.boot.library.path" value="C:\Program Files\Java\jdk-19\bin"/>
    <property name="sun.java.command" value="C:\Users\Katerina\AppData\Local\Temp\surefire5623121502656053459\surefirebooter6897423706752210063.jar C:\Users\Katerina\AppData\Local\Temp\surefire5623121502656053459 2024-10-23T11-19-56_294-jvmRun1 surefire4873161104851801090tmp surefire_0285383564515069327tmp"/>
    <property name="jdk.debug" value="release"/>
    <property name="surefire.test.class.path" value="C:\Users\Katerina\Desktop\Herocuapp with Playwright\target\test-classes;C:\Users\Katerina\Desktop\Herocuapp with Playwright\target\classes;C:\Users\Katerina\.m2\repository\com\microsoft\playwright\playwright\1.46.0\playwright-1.46.0.jar;C:\Users\Katerina\.m2\repository\com\google\code\gson\gson\2.11.0\gson-2.11.0.jar;C:\Users\Katerina\.m2\repository\com\google\errorprone\error_prone_annotations\2.27.0\error_prone_annotations-2.27.0.jar;C:\Users\Katerina\.m2\repository\org\opentest4j\opentest4j\1.3.0\opentest4j-1.3.0.jar;C:\Users\Katerina\.m2\repository\com\microsoft\playwright\driver\1.46.0\driver-1.46.0.jar;C:\Users\Katerina\.m2\repository\com\microsoft\playwright\driver-bundle\1.46.0\driver-bundle-1.46.0.jar;C:\Users\Katerina\.m2\repository\org\testng\testng\7.4.0\testng-7.4.0.jar;C:\Users\Katerina\.m2\repository\com\beust\jcommander\1.78\jcommander-1.78.jar;C:\Users\Katerina\.m2\repository\org\webjars\jquery\3.5.1\jquery-3.5.1.jar;C:\Users\Katerina\.m2\repository\org\junit\jupiter\junit-jupiter\5.8.2\junit-jupiter-5.8.2.jar;C:\Users\Katerina\.m2\repository\org\junit\jupiter\junit-jupiter-api\5.8.2\junit-jupiter-api-5.8.2.jar;C:\Users\Katerina\.m2\repository\org\junit\platform\junit-platform-commons\1.8.2\junit-platform-commons-1.8.2.jar;C:\Users\Katerina\.m2\repository\org\apiguardian\apiguardian-api\1.1.2\apiguardian-api-1.1.2.jar;C:\Users\Katerina\.m2\repository\org\junit\jupiter\junit-jupiter-params\5.8.2\junit-jupiter-params-5.8.2.jar;C:\Users\Katerina\.m2\repository\org\junit\jupiter\junit-jupiter-engine\5.8.2\junit-jupiter-engine-5.8.2.jar;C:\Users\Katerina\.m2\repository\org\junit\platform\junit-platform-engine\1.8.2\junit-platform-engine-1.8.2.jar;"/>
    <property name="sun.cpu.endian" value="little"/>
    <property name="user.home" value="C:\Users\Katerina"/>
    <property name="user.language" value="en"/>
    <property name="java.specification.vendor" value="Oracle Corporation"/>
    <property name="java.version.date" value="2022-09-20"/>
    <property name="java.home" value="C:\Program Files\Java\jdk-19"/>
    <property name="file.separator" value="\"/>
    <property name="basedir" value="C:\Users\Katerina\Desktop\Herocuapp with Playwright"/>
    <property name="java.vm.compressedOopsMode" value="Zero based"/>
    <property name="line.separator" value="&#10;"/>
    <property name="java.vm.specification.vendor" value="Oracle Corporation"/>
    <property name="java.specification.name" value="Java Platform API Specification"/>
    <property name="surefire.real.class.path" value="C:\Users\Katerina\AppData\Local\Temp\surefire5623121502656053459\surefirebooter6897423706752210063.jar"/>
    <property name="user.script" value=""/>
    <property name="sun.management.compiler" value="HotSpot 64-Bit Tiered Compilers"/>
    <property name="java.runtime.version" value="19+36-2238"/>
    <property name="user.name" value="Katerina"/>
    <property name="stdout.encoding" value="Cp1252"/>
    <property name="path.separator" value=";"/>
    <property name="os.version" value="10.0"/>
    <property name="java.runtime.name" value="Java(TM) SE Runtime Environment"/>
    <property name="file.encoding" value="UTF-8"/>
    <property name="java.vm.name" value="Java HotSpot(TM) 64-Bit Server VM"/>
    <property name="localRepository" value="C:\Users\Katerina\.m2\repository"/>
    <property name="java.vendor.url.bug" value="https://bugreport.java.com/bugreport/"/>
    <property name="java.io.tmpdir" value="C:\Users\Katerina\AppData\Local\Temp\"/>
    <property name="java.version" value="19"/>
    <property name="user.dir" value="C:\Users\Katerina\Desktop\Herocuapp with Playwright"/>
    <property name="os.arch" value="amd64"/>
    <property name="java.vm.specification.name" value="Java Virtual Machine Specification"/>
    <property name="sun.os.patch.level" value=""/>
    <property name="headless" value="false"/>
    <property name="native.encoding" value="Cp1252"/>
    <property name="java.library.path" value="C:\Program Files\Java\jdk-19\bin;C:\WINDOWS\Sun\Java\bin;C:\WINDOWS\system32;C:\WINDOWS;C:\Program Files\Common Files\Oracle\Java\javapath;C:\WINDOWS\system32;C:\WINDOWS;C:\WINDOWS\System32\Wbem;C:\WINDOWS\System32\WindowsPowerShell\v1.0\;C:\WINDOWS\System32\OpenSSH\;C:\Program Files\Git\cmd;C:\Program Files\Java\jdk-19\bin;C:\Program Files\apache-maven-3.9.0\bin;C:\Program Files\Drivers\chromedriver.exe\bin;C:\Program Files\Drivers\geckodriver.exe\bin;C:\Program Files\nodejs\;&quot;;C:\Program Files\PostgreSQL\15\bin ;C:\Program Files\PostgreSQL\15\lib&quot;;;C:\Program Files\Docker\Docker\resources\bin;C:\Users\Katerina\AppData\Local\Microsoft\WindowsApps;C:\Program Files\JetBrains\IntelliJ IDEA Community Edition 2022.3.2\bin;;C:\Users\Katerina\AppData\Roaming\npm;C:\Program Files (x86)\BrowserStackLocal\;C:\Users\Katerina\AppData\Local\Programs\Microsoft VS Code\bin;."/>
    <property name="java.vm.info" value="mixed mode, sharing"/>
    <property name="stderr.encoding" value="Cp1252"/>
    <property name="java.vendor" value="Oracle Corporation"/>
    <property name="java.vm.version" value="19+36-2238"/>
    <property name="sun.io.unicode.encoding" value="UnicodeLittle"/>
    <property name="java.class.version" value="63.0"/>
  </properties>
  <testcase name="testHomePageTexts" classname="tests.herokuapp.HomePageTest" time="2.362"/>
  <testcase name="testHomePageTitle" classname="tests.herokuapp.HomePageTest" time="1.97"/>
  <testcase name="testSuccessfulLogin" classname="tests.herokuapp.LoginTest" time="2.969"/>
  <testcase name="testAddRemoveElements" classname="tests.herokuapp.AddRemoveElementsTest" time="2.84"/>
</testsuite>