<?xml version="1.0" encoding="UTF-8"?>
<!-- Generated by org.testng.reporters.JUnitReportReporter -->
<testsuite hostname="DESKTOP-2DV7JDR" failures="0" tests="2" name="tests.herokuapp.HomeTest" time="5.970" errors="0" timestamp="2024-11-06T13:36:50 EET" skipped="0">
  <testcase classname="tests.herokuapp.HomeTest" name="verifyHomePageTitleIsCorrect" time="3.783"/>
  <system-out/>
  <testcase classname="tests.herokuapp.HomeTest" name="verifyHomePageDisplaysCorrectText" time="2.187"/>
  <system-out/>
</testsuite> <!-- tests.herokuapp.HomeTest -->
