<?xml version="1.0" encoding="UTF-8"?>
<!-- Generated by org.testng.reporters.JUnitReportReporter -->
<testsuite hostname="DESKTOP-2DV7JDR" failures="0" tests="2" name="tests.herokuapp.AddRemoveElementsTest" time="6.616" errors="0" timestamp="2024-11-06T13:36:50 EET" skipped="0">
  <testcase classname="tests.herokuapp.AddRemoveElementsTest" name="verifyCorrectNumberToDeleteButtonsAfterAddAndRemoveElements" time="4.641"/>
  <system-out/>
  <testcase classname="tests.herokuapp.AddRemoveElementsTest" name="verifyAddRemoveElementsPageTitleIsCorrect" time="1.975"/>
  <system-out/>
</testsuite> <!-- tests.herokuapp.AddRemoveElementsTest -->
