<?xml version="1.0" encoding="UTF-8"?>
<!-- Generated by org.testng.reporters.JUnitReportReporter -->
<testsuite hostname="DESKTOP-2DV7JDR" failures="0" tests="3" name="tests.herokuapp.DropdownTest" time="8.593" errors="0" timestamp="2024-11-06T13:36:50 EET" skipped="0">
  <testcase classname="tests.herokuapp.DropdownTest" name="verifyDefaultOptionOfTheDropdownIsSelected" time="4.151"/>
  <system-out/>
  <testcase classname="tests.herokuapp.DropdownTest" name="verifySelectedOptionInTheDropdown" time="2.241"/>
  <system-out/>
  <testcase classname="tests.herokuapp.DropdownTest" name="verifyDropdownPageTitleIsCorrect" time="2.201"/>
  <system-out/>
</testsuite> <!-- tests.herokuapp.DropdownTest -->
