<?xml version="1.0" encoding="UTF-8"?>
<!-- Generated by org.testng.reporters.JUnitReportReporter -->
<testsuite hostname="DESKTOP-2DV7JDR" failures="0" tests="2" name="tests.herokuapp.LoginTest" time="9.580" errors="0" timestamp="2024-11-05T17:20:13 EET" skipped="0">
  <testcase classname="tests.herokuapp.LoginTest" name="verifyLoginAttemptWithInvalidCredentialsDisplaysErrorMessage" time="5.111"/>
  <system-out/>
  <testcase classname="tests.herokuapp.LoginTest" name="verifyLoginWithValidCredentialsRedirectsToSecureArea" time="4.469"/>
  <system-out/>
</testsuite> <!-- tests.herokuapp.LoginTest -->
