<?xml version="1.0" encoding="UTF-8"?>
<!-- Generated by org.testng.reporters.JUnitReportReporter -->
<testsuite hostname="DESKTOP-2DV7JDR" failures="0" tests="2" name="tests.herokuapp.HomeTest" time="6.686" errors="0" timestamp="2024-11-05T17:20:13 EET" skipped="0">
  <testcase classname="tests.herokuapp.HomeTest" name="verifyHomePageDisplaysCorrectText" time="2.630"/>
  <system-out/>
  <testcase classname="tests.herokuapp.HomeTest" name="verifyHomePageTitleIsCorrect" time="4.056"/>
  <system-out/>
</testsuite> <!-- tests.herokuapp.HomeTest -->
