<?xml version="1.0" encoding="UTF-8"?>
<!-- Generated by org.testng.reporters.JUnitReportReporter -->
<testsuite hostname="DESKTOP-2DV7JDR" failures="0" tests="1" name="tests.herokuapp.CheckboxTest" time="4.386" errors="0" timestamp="2024-11-05T17:20:13 EET" skipped="0">
  <testcase classname="tests.herokuapp.CheckboxTest" name="verifyCheckboxIsCheckedAndUnchecked" time="4.386"/>
  <system-out/>
</testsuite> <!-- tests.herokuapp.CheckboxTest -->
