<?xml version="1.0" encoding="UTF-8"?>
<!-- Generated by org.testng.reporters.JUnitReportReporter -->
<testsuite hostname="DESKTOP-2DV7JDR" failures="0" tests="2" name="tests.herokuapp.CheckboxTest" time="5.548" errors="0" timestamp="2024-11-06T13:36:50 EET" skipped="0">
  <testcase classname="tests.herokuapp.CheckboxTest" name="verifyCheckboxIsCheckedAndUnchecked" time="2.267"/>
  <system-out/>
  <testcase classname="tests.herokuapp.CheckboxTest" name="verifyCheckboxTitlePageIsCorrect" time="3.281"/>
  <system-out/>
</testsuite> <!-- tests.herokuapp.CheckboxTest -->
