<?xml version="1.0" encoding="UTF-8"?>
<!-- Generated by org.testng.reporters.JUnitReportReporter -->
<testsuite hostname="DESKTOP-2DV7JDR" failures="0" tests="2" name="tests.herokuapp.HomeTest" time="8.168" errors="0" timestamp="2024-10-28T18:16:59 EET" skipped="0">
  <testcase classname="tests.herokuapp.HomeTest" name="verifyHomePageTitleIsCorrect" time="5.333"/>
  <system-out/>
  <testcase classname="tests.herokuapp.HomeTest" name="verifyHomePageDisplaysCorrectText" time="2.835"/>
  <system-out/>
</testsuite> <!-- tests.herokuapp.HomeTest -->
