<?xml version="1.0" encoding="UTF-8"?>
<!-- Generated by org.testng.reporters.JUnitReportReporter -->
<testsuite hostname="DESKTOP-2DV7JDR" failures="0" tests="2" name="tests.herokuapp.LoginTest" time="8.556" errors="0" timestamp="2024-10-28T18:16:59 EET" skipped="0">
  <testcase classname="tests.herokuapp.LoginTest" name="verifyLoginAttemptWithInvalidCredentialsDisplaysErrorMessage" time="4.959"/>
  <system-out/>
  <testcase classname="tests.herokuapp.LoginTest" name="verifyLoginWithValidCredentialsRedirectsToSecureArea" time="3.597"/>
  <system-out/>
</testsuite> <!-- tests.herokuapp.LoginTest -->
