<?xml version="1.0" encoding="UTF-8"?>
<!-- Generated by org.testng.reporters.JUnitReportReporter -->
<testsuite hostname="DESKTOP-2DV7JDR" failures="0" tests="2" name="tests.herokuapp.HomePageTest" time="5.630" errors="0" timestamp="2024-10-23T11:29:27 EEST" skipped="0">
  <testcase classname="tests.herokuapp.HomePageTest" name="testHomePageTitle" time="3.424"/>
  <system-out/>
  <testcase classname="tests.herokuapp.HomePageTest" name="testHomePageTexts" time="2.206"/>
  <system-out/>
</testsuite> <!-- tests.herokuapp.HomePageTest -->
