<?xml version="1.0" encoding="UTF-8"?>
<!-- Generated by org.testng.reporters.JUnitReportReporter -->
<testsuite hostname="DESKTOP-2DV7JDR" failures="0" tests="1" name="tests.herokuapp.LoginTest" time="4.073" errors="0" timestamp="2024-10-23T11:29:27 EEST" skipped="0">
  <testcase classname="tests.herokuapp.LoginTest" name="testSuccessfulLogin" time="4.073"/>
  <system-out/>
</testsuite> <!-- tests.herokuapp.LoginTest -->
