<?xml version="1.0" encoding="UTF-8"?>
<!-- Generated by org.testng.reporters.JUnitReportReporter -->
<testsuite hostname="DESKTOP-2DV7JDR" failures="0" tests="2" name="tests.herokuapp.LoginTest" time="7.248" errors="0" timestamp="2024-11-06T13:36:50 EET" skipped="0">
  <testcase classname="tests.herokuapp.LoginTest" name="verifyLoginWithValidCredentialsRedirectsToSecureArea" time="2.836"/>
  <system-out/>
  <testcase classname="tests.herokuapp.LoginTest" name="verifyLoginAttemptWithInvalidCredentialsDisplaysErrorMessage" time="4.412"/>
  <system-out/>
</testsuite> <!-- tests.herokuapp.LoginTest -->
