<?xml version="1.0" encoding="UTF-8"?>
<!-- Generated by org.testng.reporters.JUnitReportReporter -->
<testsuite hostname="DESKTOP-2DV7JDR" failures="0" tests="1" name="tests.herokuapp.AddRemoveElementsTest" time="4.549" errors="0" timestamp="2024-10-23T11:20:31 EEST" skipped="0">
  <testcase classname="tests.herokuapp.AddRemoveElementsTest" name="testAddRemoveElements" time="4.549"/>
  <system-out/>
</testsuite> <!-- tests.herokuapp.AddRemoveElementsTest -->
