<?xml version="1.0" encoding="UTF-8"?>
<!-- Generated by org.testng.reporters.JUnitReportReporter -->
<testsuite hostname="DESKTOP-2DV7JDR" failures="0" tests="1" name="tests.herokuapp.AddRemoveElementsTest" time="5.613" errors="0" timestamp="2024-10-28T18:16:59 EET" skipped="0">
  <testcase classname="tests.herokuapp.AddRemoveElementsTest" name="verifyCorrectNumberToDeleteButtonsAfterAddAndRemove" time="5.613"/>
  <system-out/>
</testsuite> <!-- tests.herokuapp.AddRemoveElementsTest -->
