<?xml version="1.0" encoding="UTF-8"?>
<!-- Generated by org.testng.reporters.JUnitReportReporter -->
<testsuite hostname="DESKTOP-2DV7JDR" failures="0" tests="1" name="tests.herokuapp.AddRemoveElementsTest" time="5.229" errors="0" timestamp="2024-11-05T17:20:13 EET" skipped="0">
  <testcase classname="tests.herokuapp.AddRemoveElementsTest" name="verifyCorrectNumberToDeleteButtonsAfterAddAndRemove" time="5.229"/>
  <system-out/>
</testsuite> <!-- tests.herokuapp.AddRemoveElementsTest -->
